[W 2025-03-24 17:12:33,203 minium.App2112 app#682 screen_shot] 截图指令响应失败, 可能因为开发者工具不在前台导致
[W 2025-03-24 17:12:33,204 minium minitest#929 capture] D:\pythonwork\OKR-Mini-Automation\outputs\20250324171100\testCreateOkrCore\20250324171132151671\images\setup.png not exists
[W 2025-03-24 17:12:35,736 minium.App2112 app#1013 switch_tab] Switch tab(okrPerson) but(/pages/okrPerson)
[W 2025-03-24 17:12:35,787 minium page#747 _get_elements_by_css] Could not found any element 'text.uni-icons.uniui-close' you need
[W 2025-03-24 17:12:36,050 minium page#747 _get_elements_by_css] Could not found any element 'text.uni-icons.uniui-close' you need
[W 2025-03-24 17:12:36,314 minium page#747 _get_elements_by_css] Could not found any element 'text.uni-icons.uniui-close' you need
[W 2025-03-24 17:12:36,588 minium page#747 _get_elements_by_css] Could not found any element 'text.uni-icons.uniui-close' you need
[W 2025-03-24 17:12:57,333 minium.App2112 app#1013 switch_tab] Switch tab(okrPerson) but(/pages/okrPerson)
[W 2025-03-24 17:12:57,351 minium page#747 _get_elements_by_css] Could not found any element 'text.uni-icons.uniui-close' you need
[W 2025-03-24 17:12:57,631 minium page#747 _get_elements_by_css] Could not found any element 'text.uni-icons.uniui-close' you need
[W 2025-03-24 17:12:57,898 minium page#747 _get_elements_by_css] Could not found any element 'text.uni-icons.uniui-close' you need
[W 2025-03-24 17:12:58,159 minium page#747 _get_elements_by_css] Could not found any element 'text.uni-icons.uniui-close' you need
[W 2025-03-24 17:12:59,558 minium page#747 _get_elements_by_css] Could not found any element '.cardContainer.inputBox' you need
[W 2025-03-24 17:12:59,822 minium page#747 _get_elements_by_css] Could not found any element '.cardContainer.inputBox' you need
[W 2025-03-24 17:13:00,083 minium page#747 _get_elements_by_css] Could not found any element '.cardContainer.inputBox' you need
[W 2025-03-24 17:13:00,345 minium page#747 _get_elements_by_css] Could not found any element '.cardContainer.inputBox' you need
[W 2025-03-24 17:13:00,611 minium page#747 _get_elements_by_css] Could not found any element '.cardContainer.inputBox' you need
[W 2025-03-24 17:13:00,875 minium page#747 _get_elements_by_css] Could not found any element '.cardContainer.inputBox' you need
[W 2025-03-24 17:13:01,146 minium page#747 _get_elements_by_css] Could not found any element '.cardContainer.inputBox' you need
[W 2025-03-24 17:13:01,404 minium page#747 _get_elements_by_css] Could not found any element '.cardContainer.inputBox' you need
[W 2025-03-24 17:13:01,667 minium page#747 _get_elements_by_css] Could not found any element '.cardContainer.inputBox' you need
[W 2025-03-24 17:13:01,944 minium page#747 _get_elements_by_css] Could not found any element '.cardContainer.inputBox' you need
[W 2025-03-24 17:13:02,200 minium page#747 _get_elements_by_css] Could not found any element '.cardContainer.inputBox' you need
[W 2025-03-24 17:13:02,462 minium page#747 _get_elements_by_css] Could not found any element '.cardContainer.inputBox' you need
[W 2025-03-24 17:13:02,722 minium page#747 _get_elements_by_css] Could not found any element '.cardContainer.inputBox' you need
[W 2025-03-24 17:13:02,988 minium page#747 _get_elements_by_css] Could not found any element '.cardContainer.inputBox' you need
[W 2025-03-24 17:13:03,248 minium page#747 _get_elements_by_css] Could not found any element '.cardContainer.inputBox' you need
[W 2025-03-24 17:13:03,525 minium page#747 _get_elements_by_css] Could not found any element '.cardContainer.inputBox' you need
[W 2025-03-24 17:13:03,796 minium page#747 _get_elements_by_css] Could not found any element '.cardContainer.inputBox' you need
[W 2025-03-24 17:13:04,062 minium page#747 _get_elements_by_css] Could not found any element '.cardContainer.inputBox' you need
[W 2025-03-24 17:13:04,336 minium page#747 _get_elements_by_css] Could not found any element '.cardContainer.inputBox' you need
[W 2025-03-24 17:13:04,599 minium page#747 _get_elements_by_css] Could not found any element '.cardContainer.inputBox' you need
[E 2025-03-24 17:13:04,600 minium minitest#793 _callTestMethod] test exception
Traceback (most recent call last):
  File "D:\pythonwork\OKR-Mini-Automation\.venv\lib\site-packages\minium\framework\minitest.py", line 789, in _callTestMethod
    method()
  File "D:\pythonwork\OKR-Mini-Automation\TestMiniOkr.py", line 105, in testCreateOkrCore
    self.firstQuadrantInit()
  File "D:\pythonwork\OKR-Mini-Automation\TestMiniOkr.py", line 50, in firstQuadrantInit
    self.waitGet(".cardContainer.inputBox", "").input("Minium 自动化测试")
  File "D:\pythonwork\OKR-Mini-Automation\TestMiniOkr.py", line 26, in waitGet
    return page.get_element(str, text_contains=cotains)
  File "D:\pythonwork\OKR-Mini-Automation\.venv\lib\site-packages\minium\miniprogram\base_driver\minium_log.py", line 148, in wrapper
    result = func(*args, **kwargs)
  File "D:\pythonwork\OKR-Mini-Automation\.venv\lib\site-packages\minium\miniprogram\base_driver\page\page.py", line 375, in get_element
    raise MiniElementNotFoundError(_selector)
minium.framework.exception.MiniElementNotFoundError: element[.cardContainer.inputBox] not found
[E 2025-03-24 17:13:04,810 minium utils#166 wrapper] catch error: 'gbk' codec can't decode byte 0xaf in position 446: illegal multibyte sequence
[E 2025-03-24 17:13:04,817 minium assertbase#390 _get_stack_info] <bound method TestMiniOkr.testCreateOkrCore of <TestMiniOkr.TestMiniOkr testMethod=testCreateOkrCore>>
Traceback (most recent call last):
  File "D:\pythonwork\OKR-Mini-Automation\.venv\lib\site-packages\minium\framework\libs\unittest\case.py", line 266, in testPartExecutor
    yield
  File "D:\pythonwork\OKR-Mini-Automation\.venv\lib\site-packages\minium\framework\libs\unittest\case.py", line 351, in run
    self._callTestMethod(testMethod)
  File "D:\pythonwork\OKR-Mini-Automation\.venv\lib\site-packages\minium\framework\minitest.py", line 789, in _callTestMethod
    method()
  File "D:\pythonwork\OKR-Mini-Automation\TestMiniOkr.py", line 105, in testCreateOkrCore
    self.firstQuadrantInit()
  File "D:\pythonwork\OKR-Mini-Automation\TestMiniOkr.py", line 50, in firstQuadrantInit
    self.waitGet(".cardContainer.inputBox", "").input("Minium 自动化测试")
  File "D:\pythonwork\OKR-Mini-Automation\TestMiniOkr.py", line 26, in waitGet
    return page.get_element(str, text_contains=cotains)
  File "D:\pythonwork\OKR-Mini-Automation\.venv\lib\site-packages\minium\miniprogram\base_driver\minium_log.py", line 148, in wrapper
    result = func(*args, **kwargs)
  File "D:\pythonwork\OKR-Mini-Automation\.venv\lib\site-packages\minium\miniprogram\base_driver\page\page.py", line 375, in get_element
    raise MiniElementNotFoundError(_selector)
minium.framework.exception.MiniElementNotFoundError: element[.cardContainer.inputBox] not found
[W 2025-03-24 17:13:04,818 minium assertbase#354 _log_info_when_error] config: {'debug': False, 'base_dir': 'D:\\pythonwork\\OKR-Mini-Automation', 'platform': 'ide', 'app': 'wx', 'debug_mode': 'warn', 'close_ide': False, 'auto_capture': 'auto', 'check_mp_foreground': True, 'auto_relaunch': True, 'device_desire': {}, 'account_info': {}, 'report_usage': True, 'remote_connect_timeout': 180, 'request_timeout': 60, 'use_push': True, 'full_reset': False, 'outputs': 'D:\\pythonwork\\OKR-Mini-Automation\\outputs', 'enable_app_log': False, 'enable_network_panel': False, 'project_path': 'D:\\java-research\\okr-miniprogram\\dist\\build\\mp-weixin', 'dev_tool_path': 'C:\\Program Files (x86)\\Tencent\\微信web开发者工具\\cli.bat', 'test_port': 9420, 'mock_native_modal': {}, 'mock_request': [], 'auto_authorize': False, 'audits': None, 'teardown_snapshot': False, 'mock_images_dir': '', 'mock_images': {}, 'need_perf': False, 'appid': None, 'enable_h5': True, 'autofix': False, 'framework_capture': True, 'error_capture': False, 'assert_capture': True, 'create_time': '20250324171100', 'case_output': 'D:\\pythonwork\\OKR-Mini-Automation\\outputs\\20250324171100\\testCreateOkrCore\\20250324171132151671'}
[W 2025-03-24 17:13:04,819 minium assertbase#355 _log_info_when_error] build info: {'version': '1.6.0', 'revision': '33ce5b50b34ec18c51c054a7cc1bdfb3ab0a451b', 'branch': 'master', 'update_at': '2024-10-09 21:08:56'}
[W 2025-03-24 17:13:04,819 minium minitest#1029 _log_info_when_error] mini: 基础库3.7.8, 开发者工具1.06.2412050
[W 2025-03-24 17:13:04,819 minium minitest#1031 _log_info_when_error] native: <minium.native.wx_native.idenative.IdeNative object at 0x00000252B7DA65B0>
