[W 2025-03-24 17:00:01,472 minium.App6320 app#1013 switch_tab] Switch tab(okrPerson) but(/pages/okrPerson)
[W 2025-03-24 17:00:01,491 minium page#747 _get_elements_by_css] Could not found any element 'text.uni-icons.uniui-close' you need
[W 2025-03-24 17:00:01,754 minium page#747 _get_elements_by_css] Could not found any element 'text.uni-icons.uniui-close' you need
[W 2025-03-24 17:00:02,015 minium page#747 _get_elements_by_css] Could not found any element 'text.uni-icons.uniui-close' you need
[W 2025-03-24 17:00:02,278 minium page#747 _get_elements_by_css] Could not found any element 'text.uni-icons.uniui-close' you need
[W 2025-03-24 17:00:07,988 minium page#747 _get_elements_by_css] Could not found any element '.cardContainer.inputBox' you need
[W 2025-03-24 17:00:08,264 minium page#747 _get_elements_by_css] Could not found any element '.cardContainer.inputBox' you need
[W 2025-03-24 17:00:08,524 minium page#747 _get_elements_by_css] Could not found any element '.cardContainer.inputBox' you need
[W 2025-03-24 17:00:08,791 minium page#747 _get_elements_by_css] Could not found any element '.cardContainer.inputBox' you need
[W 2025-03-24 17:00:09,048 minium page#747 _get_elements_by_css] Could not found any element '.cardContainer.inputBox' you need
[W 2025-03-24 17:00:09,313 minium page#747 _get_elements_by_css] Could not found any element '.cardContainer.inputBox' you need
[W 2025-03-24 17:00:09,575 minium page#747 _get_elements_by_css] Could not found any element '.cardContainer.inputBox' you need
[W 2025-03-24 17:00:09,843 minium page#747 _get_elements_by_css] Could not found any element '.cardContainer.inputBox' you need
[W 2025-03-24 17:00:10,106 minium page#747 _get_elements_by_css] Could not found any element '.cardContainer.inputBox' you need
[W 2025-03-24 17:00:10,363 minium page#747 _get_elements_by_css] Could not found any element '.cardContainer.inputBox' you need
[W 2025-03-24 17:00:10,628 minium page#747 _get_elements_by_css] Could not found any element '.cardContainer.inputBox' you need
[W 2025-03-24 17:00:10,885 minium page#747 _get_elements_by_css] Could not found any element '.cardContainer.inputBox' you need
[W 2025-03-24 17:00:11,145 minium page#747 _get_elements_by_css] Could not found any element '.cardContainer.inputBox' you need
[W 2025-03-24 17:00:11,409 minium page#747 _get_elements_by_css] Could not found any element '.cardContainer.inputBox' you need
[W 2025-03-24 17:00:11,675 minium page#747 _get_elements_by_css] Could not found any element '.cardContainer.inputBox' you need
[W 2025-03-24 17:00:11,947 minium page#747 _get_elements_by_css] Could not found any element '.cardContainer.inputBox' you need
[W 2025-03-24 17:00:12,212 minium page#747 _get_elements_by_css] Could not found any element '.cardContainer.inputBox' you need
[W 2025-03-24 17:00:12,474 minium page#747 _get_elements_by_css] Could not found any element '.cardContainer.inputBox' you need
[W 2025-03-24 17:00:12,734 minium page#747 _get_elements_by_css] Could not found any element '.cardContainer.inputBox' you need
[W 2025-03-24 17:00:12,992 minium page#747 _get_elements_by_css] Could not found any element '.cardContainer.inputBox' you need
[E 2025-03-24 17:00:12,992 minium minitest#793 _callTestMethod] test exception
Traceback (most recent call last):
  File "D:\pythonwork\OKR-Mini-Automation\.venv\lib\site-packages\minium\framework\minitest.py", line 789, in _callTestMethod
    method()
  File "D:\pythonwork\OKR-Mini-Automation\TestMiniOkr.py", line 98, in testCreateOkrCore
    self.firstQuadrantInit()
  File "D:\pythonwork\OKR-Mini-Automation\TestMiniOkr.py", line 44, in firstQuadrantInit
    self.waitGet(".cardContainer.inputBox", "").input("Minium 自动化测试")
  File "D:\pythonwork\OKR-Mini-Automation\TestMiniOkr.py", line 22, in waitGet
    return page.get_element(str, text_contains=cotains)
  File "D:\pythonwork\OKR-Mini-Automation\.venv\lib\site-packages\minium\miniprogram\base_driver\minium_log.py", line 148, in wrapper
    result = func(*args, **kwargs)
  File "D:\pythonwork\OKR-Mini-Automation\.venv\lib\site-packages\minium\miniprogram\base_driver\page\page.py", line 375, in get_element
    raise MiniElementNotFoundError(_selector)
minium.framework.exception.MiniElementNotFoundError: element[.cardContainer.inputBox] not found
[E 2025-03-24 17:00:13,154 minium utils#166 wrapper] catch error: 'gbk' codec can't decode byte 0xaf in position 446: illegal multibyte sequence
[E 2025-03-24 17:00:13,159 minium assertbase#390 _get_stack_info] <bound method TestMiniOkr.testCreateOkrCore of <TestMiniOkr.TestMiniOkr testMethod=testCreateOkrCore>>
Traceback (most recent call last):
  File "D:\pythonwork\OKR-Mini-Automation\.venv\lib\site-packages\minium\framework\libs\unittest\case.py", line 266, in testPartExecutor
    yield
  File "D:\pythonwork\OKR-Mini-Automation\.venv\lib\site-packages\minium\framework\libs\unittest\case.py", line 351, in run
    self._callTestMethod(testMethod)
  File "D:\pythonwork\OKR-Mini-Automation\.venv\lib\site-packages\minium\framework\minitest.py", line 789, in _callTestMethod
    method()
  File "D:\pythonwork\OKR-Mini-Automation\TestMiniOkr.py", line 98, in testCreateOkrCore
    self.firstQuadrantInit()
  File "D:\pythonwork\OKR-Mini-Automation\TestMiniOkr.py", line 44, in firstQuadrantInit
    self.waitGet(".cardContainer.inputBox", "").input("Minium 自动化测试")
  File "D:\pythonwork\OKR-Mini-Automation\TestMiniOkr.py", line 22, in waitGet
    return page.get_element(str, text_contains=cotains)
  File "D:\pythonwork\OKR-Mini-Automation\.venv\lib\site-packages\minium\miniprogram\base_driver\minium_log.py", line 148, in wrapper
    result = func(*args, **kwargs)
  File "D:\pythonwork\OKR-Mini-Automation\.venv\lib\site-packages\minium\miniprogram\base_driver\page\page.py", line 375, in get_element
    raise MiniElementNotFoundError(_selector)
minium.framework.exception.MiniElementNotFoundError: element[.cardContainer.inputBox] not found
[W 2025-03-24 17:00:13,160 minium assertbase#354 _log_info_when_error] config: {'debug': False, 'base_dir': 'D:\\pythonwork\\OKR-Mini-Automation', 'platform': 'ide', 'app': 'wx', 'debug_mode': 'warn', 'close_ide': False, 'auto_capture': 'auto', 'check_mp_foreground': True, 'auto_relaunch': True, 'device_desire': {}, 'account_info': {}, 'report_usage': True, 'remote_connect_timeout': 180, 'request_timeout': 60, 'use_push': True, 'full_reset': False, 'outputs': 'D:\\pythonwork\\OKR-Mini-Automation\\outputs', 'enable_app_log': False, 'enable_network_panel': False, 'project_path': 'D:\\java-research\\okr-miniprogram\\dist\\build\\mp-weixin', 'dev_tool_path': 'C:\\Program Files (x86)\\Tencent\\微信web开发者工具\\cli.bat', 'test_port': 9420, 'mock_native_modal': {}, 'mock_request': [], 'auto_authorize': False, 'audits': None, 'teardown_snapshot': False, 'mock_images_dir': '', 'mock_images': {}, 'need_perf': False, 'appid': None, 'enable_h5': True, 'autofix': False, 'framework_capture': True, 'error_capture': False, 'assert_capture': True, 'create_time': '20250324165941', 'case_output': 'D:\\pythonwork\\OKR-Mini-Automation\\outputs\\20250324165941\\testCreateOkrCore\\20250324165957011917'}
[W 2025-03-24 17:00:13,161 minium assertbase#355 _log_info_when_error] build info: {'version': '1.6.0', 'revision': '33ce5b50b34ec18c51c054a7cc1bdfb3ab0a451b', 'branch': 'master', 'update_at': '2024-10-09 21:08:56'}
[W 2025-03-24 17:00:13,161 minium minitest#1029 _log_info_when_error] mini: 基础库3.7.8, 开发者工具1.06.2412050
[W 2025-03-24 17:00:13,161 minium minitest#1031 _log_info_when_error] native: <minium.native.wx_native.idenative.IdeNative object at 0x000001D6E05265E0>
