[W 2025-03-24 17:59:28,307 minium.App9072 app#1013 switch_tab] Switch tab(okrPerson) but(/pages/okrPerson)
[W 2025-03-24 17:59:28,350 minium page#747 _get_elements_by_css] Could not found any element 'text.uni-icons.uniui-close' you need
[W 2025-03-24 17:59:28,612 minium page#747 _get_elements_by_css] Could not found any element 'text.uni-icons.uniui-close' you need
[W 2025-03-24 17:59:28,880 minium page#747 _get_elements_by_css] Could not found any element 'text.uni-icons.uniui-close' you need
[W 2025-03-24 17:59:29,148 minium page#747 _get_elements_by_css] Could not found any element 'text.uni-icons.uniui-close' you need
[W 2025-03-24 17:59:50,223 minium.App9072 app#1013 switch_tab] Switch tab(okrPerson) but(/pages/okrPerson)
[W 2025-03-24 17:59:50,229 minium page#747 _get_elements_by_css] Could not found any element 'text.uni-icons.uniui-close' you need
[W 2025-03-24 17:59:50,502 minium page#747 _get_elements_by_css] Could not found any element 'text.uni-icons.uniui-close' you need
[W 2025-03-24 17:59:50,774 minium page#747 _get_elements_by_css] Could not found any element 'text.uni-icons.uniui-close' you need
[W 2025-03-24 17:59:51,041 minium page#747 _get_elements_by_css] Could not found any element 'text.uni-icons.uniui-close' you need
[W 2025-03-24 17:59:52,421 minium element#833 input] sdk version 3.7.8 may not support textarea.input, please use lower sdk version
[W 2025-03-24 18:00:14,396 minium.App9072 app#1013 switch_tab] Switch tab(okrPerson) but(/pages/okrPerson)
[W 2025-03-24 18:00:14,414 minium page#747 _get_elements_by_css] Could not found any element 'text.uni-icons.uniui-close' you need
[W 2025-03-24 18:00:14,687 minium page#747 _get_elements_by_css] Could not found any element 'text.uni-icons.uniui-close' you need
[W 2025-03-24 18:00:14,960 minium page#747 _get_elements_by_css] Could not found any element 'text.uni-icons.uniui-close' you need
[W 2025-03-24 18:00:15,217 minium page#747 _get_elements_by_css] Could not found any element 'text.uni-icons.uniui-close' you need
[W 2025-03-24 18:00:18,861 minium element#833 input] sdk version 3.7.8 may not support textarea.input, please use lower sdk version
[W 2025-03-24 18:00:21,098 minium element#833 input] sdk version 3.7.8 may not support textarea.input, please use lower sdk version
[W 2025-03-24 18:00:23,328 minium element#833 input] sdk version 3.7.8 may not support textarea.input, please use lower sdk version
[W 2025-03-24 18:00:25,557 minium element#833 input] sdk version 3.7.8 may not support textarea.input, please use lower sdk version
[W 2025-03-24 18:00:44,536 minium.App9072 app#1013 switch_tab] Switch tab(okrPerson) but(/pages/okrPerson)
[W 2025-03-24 18:00:44,543 minium page#747 _get_elements_by_css] Could not found any element 'text.uni-icons.uniui-close' you need
[W 2025-03-24 18:00:44,810 minium page#747 _get_elements_by_css] Could not found any element 'text.uni-icons.uniui-close' you need
[W 2025-03-24 18:00:45,071 minium page#747 _get_elements_by_css] Could not found any element 'text.uni-icons.uniui-close' you need
[W 2025-03-24 18:00:45,332 minium page#747 _get_elements_by_css] Could not found any element 'text.uni-icons.uniui-close' you need
[W 2025-03-24 18:00:52,183 minium page#747 _get_elements_by_css] Could not found any element 'text.uni-icons uniui-plusempty' you need
[W 2025-03-24 18:00:52,438 minium page#747 _get_elements_by_css] Could not found any element 'text.uni-icons uniui-plusempty' you need
[W 2025-03-24 18:00:52,704 minium page#747 _get_elements_by_css] Could not found any element 'text.uni-icons uniui-plusempty' you need
[W 2025-03-24 18:00:52,962 minium page#747 _get_elements_by_css] Could not found any element 'text.uni-icons uniui-plusempty' you need
[W 2025-03-24 18:00:53,223 minium page#747 _get_elements_by_css] Could not found any element 'text.uni-icons uniui-plusempty' you need
[W 2025-03-24 18:00:53,485 minium page#747 _get_elements_by_css] Could not found any element 'text.uni-icons uniui-plusempty' you need
[W 2025-03-24 18:00:53,757 minium page#747 _get_elements_by_css] Could not found any element 'text.uni-icons uniui-plusempty' you need
[W 2025-03-24 18:00:54,026 minium page#747 _get_elements_by_css] Could not found any element 'text.uni-icons uniui-plusempty' you need
[W 2025-03-24 18:00:54,285 minium page#747 _get_elements_by_css] Could not found any element 'text.uni-icons uniui-plusempty' you need
[W 2025-03-24 18:00:54,542 minium page#747 _get_elements_by_css] Could not found any element 'text.uni-icons uniui-plusempty' you need
[W 2025-03-24 18:00:54,803 minium page#747 _get_elements_by_css] Could not found any element 'text.uni-icons uniui-plusempty' you need
[W 2025-03-24 18:00:55,071 minium page#747 _get_elements_by_css] Could not found any element 'text.uni-icons uniui-plusempty' you need
[W 2025-03-24 18:00:55,346 minium page#747 _get_elements_by_css] Could not found any element 'text.uni-icons uniui-plusempty' you need
[W 2025-03-24 18:00:55,604 minium page#747 _get_elements_by_css] Could not found any element 'text.uni-icons uniui-plusempty' you need
[W 2025-03-24 18:00:55,867 minium page#747 _get_elements_by_css] Could not found any element 'text.uni-icons uniui-plusempty' you need
[W 2025-03-24 18:00:56,124 minium page#747 _get_elements_by_css] Could not found any element 'text.uni-icons uniui-plusempty' you need
[W 2025-03-24 18:00:56,387 minium page#747 _get_elements_by_css] Could not found any element 'text.uni-icons uniui-plusempty' you need
[W 2025-03-24 18:00:56,646 minium page#747 _get_elements_by_css] Could not found any element 'text.uni-icons uniui-plusempty' you need
[W 2025-03-24 18:00:56,910 minium page#747 _get_elements_by_css] Could not found any element 'text.uni-icons uniui-plusempty' you need
[W 2025-03-24 18:00:57,172 minium page#747 _get_elements_by_css] Could not found any element 'text.uni-icons uniui-plusempty' you need
[W 2025-03-24 18:00:57,429 minium page#747 _get_elements_by_css] Could not found any element 'text.uni-icons uniui-plusempty' you need
[E 2025-03-24 18:00:57,430 minium minitest#793 _callTestMethod] test exception
Traceback (most recent call last):
  File "D:\pythonwork\OKR-Mini-Automation\.venv\lib\site-packages\minium\framework\minitest.py", line 789, in _callTestMethod
    method()
  File "D:\pythonwork\OKR-Mini-Automation\TestMiniOkr.py", line 136, in testCreateOkrCore
    self.dayRecord()
  File "D:\pythonwork\OKR-Mini-Automation\TestMiniOkr.py", line 109, in dayRecord
    self.clickElement("text.uni-icons uniui-plusempty", "")
  File "D:\pythonwork\OKR-Mini-Automation\TestMiniOkr.py", line 39, in clickElement
    self.waitGet(str, cotains).click()
  File "D:\pythonwork\OKR-Mini-Automation\TestMiniOkr.py", line 36, in waitGet
    return page.get_element(str, text_contains=cotains)
  File "D:\pythonwork\OKR-Mini-Automation\.venv\lib\site-packages\minium\miniprogram\base_driver\minium_log.py", line 148, in wrapper
    result = func(*args, **kwargs)
  File "D:\pythonwork\OKR-Mini-Automation\.venv\lib\site-packages\minium\miniprogram\base_driver\page\page.py", line 375, in get_element
    raise MiniElementNotFoundError(_selector)
minium.framework.exception.MiniElementNotFoundError: element[text.uni-icons uniui-plusempty] not found
[E 2025-03-24 18:00:57,685 minium utils#166 wrapper] catch error: 'gbk' codec can't decode byte 0xaf in position 446: illegal multibyte sequence
[E 2025-03-24 18:00:57,690 minium assertbase#390 _get_stack_info] <bound method TestMiniOkr.testCreateOkrCore of <TestMiniOkr.TestMiniOkr testMethod=testCreateOkrCore>>
Traceback (most recent call last):
  File "D:\pythonwork\OKR-Mini-Automation\.venv\lib\site-packages\minium\framework\libs\unittest\case.py", line 266, in testPartExecutor
    yield
  File "D:\pythonwork\OKR-Mini-Automation\.venv\lib\site-packages\minium\framework\libs\unittest\case.py", line 351, in run
    self._callTestMethod(testMethod)
  File "D:\pythonwork\OKR-Mini-Automation\.venv\lib\site-packages\minium\framework\minitest.py", line 789, in _callTestMethod
    method()
  File "D:\pythonwork\OKR-Mini-Automation\TestMiniOkr.py", line 136, in testCreateOkrCore
    self.dayRecord()
  File "D:\pythonwork\OKR-Mini-Automation\TestMiniOkr.py", line 109, in dayRecord
    self.clickElement("text.uni-icons uniui-plusempty", "")
  File "D:\pythonwork\OKR-Mini-Automation\TestMiniOkr.py", line 39, in clickElement
    self.waitGet(str, cotains).click()
  File "D:\pythonwork\OKR-Mini-Automation\TestMiniOkr.py", line 36, in waitGet
    return page.get_element(str, text_contains=cotains)
  File "D:\pythonwork\OKR-Mini-Automation\.venv\lib\site-packages\minium\miniprogram\base_driver\minium_log.py", line 148, in wrapper
    result = func(*args, **kwargs)
  File "D:\pythonwork\OKR-Mini-Automation\.venv\lib\site-packages\minium\miniprogram\base_driver\page\page.py", line 375, in get_element
    raise MiniElementNotFoundError(_selector)
minium.framework.exception.MiniElementNotFoundError: element[text.uni-icons uniui-plusempty] not found
[W 2025-03-24 18:00:57,690 minium assertbase#354 _log_info_when_error] config: {'debug': False, 'base_dir': 'D:\\pythonwork\\OKR-Mini-Automation', 'platform': 'ide', 'app': 'wx', 'debug_mode': 'warn', 'close_ide': False, 'auto_capture': 'auto', 'check_mp_foreground': True, 'auto_relaunch': True, 'device_desire': {}, 'account_info': {}, 'report_usage': True, 'remote_connect_timeout': 180, 'request_timeout': 60, 'use_push': True, 'full_reset': False, 'outputs': 'D:\\pythonwork\\OKR-Mini-Automation\\outputs', 'enable_app_log': False, 'enable_network_panel': False, 'project_path': 'D:\\java-research\\okr-miniprogram\\dist\\build\\mp-weixin', 'dev_tool_path': 'C:\\Program Files (x86)\\Tencent\\微信web开发者工具\\cli.bat', 'test_port': 9420, 'mock_native_modal': {}, 'mock_request': [], 'auto_authorize': False, 'audits': None, 'teardown_snapshot': False, 'mock_images_dir': '', 'mock_images': {}, 'need_perf': False, 'appid': None, 'enable_h5': True, 'autofix': False, 'framework_capture': True, 'error_capture': False, 'assert_capture': True, 'create_time': '20250324175907', 'case_output': 'D:\\pythonwork\\OKR-Mini-Automation\\outputs\\20250324175907\\testCreateOkrCore\\20250324175924830144'}
[W 2025-03-24 18:00:57,691 minium assertbase#355 _log_info_when_error] build info: {'version': '1.6.0', 'revision': '33ce5b50b34ec18c51c054a7cc1bdfb3ab0a451b', 'branch': 'master', 'update_at': '2024-10-09 21:08:56'}
[W 2025-03-24 18:00:57,691 minium minitest#1029 _log_info_when_error] mini: 基础库3.7.8, 开发者工具1.06.2412050
[W 2025-03-24 18:00:57,692 minium minitest#1031 _log_info_when_error] native: <minium.native.wx_native.idenative.IdeNative object at 0x000001692B306610>
